info it worked if it ends with ok
verbose cli [ 'node', '/usr/bin/npm', 'publish' ]
info using npm@1.1.4
info using node@v0.6.12
verbose config file /home/mfogus/.npmrc
verbose config file /usr/etc/npmrc
verbose config file /usr/share/npm/npmrc
verbose publish [ '.' ]
verbose cache add [ '.', null ]
silly cache add: name, spec, args [ undefined, '.', [ '.', null ] ]
verbose parsed url { pathname: '.', path: '.', href: '.' }
ERR! Could not install: .
ERR! Error: ENOENT, no such file or directory 'package.json'
ERR! You may report this log at:
ERR!     <http://bugs.debian.org/npm>
ERR! or use
ERR!     reportbug --attach /home/mfogus/src/fogus/lemonad/docs/npm-debug.log npm
ERR! 
ERR! System Linux 3.2.0-34-generic
ERR! command "node" "/usr/bin/npm" "publish"
ERR! cwd /home/mfogus/src/fogus/lemonad/docs
ERR! node -v v0.6.12
ERR! npm -v 1.1.4
ERR! path package.json
ERR! code ENOENT
ERR! message ENOENT, no such file or directory 'package.json'
ERR! errno {}
verbose exit [ 1, true ]
